{"level":"info","message":"Traffic monitoring started","timestamp":"2025-07-22T15:06:59.212Z"}
{"level":"info","message":"Traffic monitoring started","timestamp":"2025-07-22T15:11:39.009Z"}
{"level":"info","message":"Traffic statistics","methodDistribution":{},"stats":{"averageResponseTime":0,"errorRate":0,"lastUpdated":1753197399015,"peakRequestsPerSecond":0,"peakResponseTime":0,"requestsPerMinute":0,"requestsPerSecond":0,"totalErrors":0,"totalRequests":0},"timestamp":"2025-07-22T15:16:39.016Z","topEndpoints":[],"topIPs":[]}
{"level":"info","message":"Traffic statistics","methodDistribution":{},"stats":{"averageResponseTime":0,"errorRate":0,"lastUpdated":1753197699020,"peakRequestsPerSecond":0,"peakResponseTime":0,"requestsPerMinute":0,"requestsPerSecond":0,"totalErrors":0,"totalRequests":0},"timestamp":"2025-07-22T15:21:39.020Z","topEndpoints":[],"topIPs":[]}
{"level":"info","message":"Traffic statistics","methodDistribution":{},"stats":{"averageResponseTime":0,"errorRate":0,"lastUpdated":1753197999026,"peakRequestsPerSecond":0,"peakResponseTime":0,"requestsPerMinute":0,"requestsPerSecond":0,"totalErrors":0,"totalRequests":0},"timestamp":"2025-07-22T15:26:39.026Z","topEndpoints":[],"topIPs":[]}
{"level":"info","message":"Traffic monitoring started","timestamp":"2025-07-22T15:30:57.810Z"}
{"level":"info","message":"Traffic statistics","methodDistribution":{},"stats":{"averageResponseTime":0,"errorRate":0,"lastUpdated":1753198557822,"peakRequestsPerSecond":0,"peakResponseTime":0,"requestsPerMinute":0,"requestsPerSecond":0,"totalErrors":0,"totalRequests":0},"timestamp":"2025-07-22T15:35:57.823Z","topEndpoints":[],"topIPs":[]}
{"level":"info","message":"Traffic monitoring started","timestamp":"2025-07-22T16:01:36.846Z"}
{"level":"info","message":"Traffic monitoring started","timestamp":"2025-07-22T16:02:39.643Z"}
{"level":"info","message":"Traffic monitoring started","timestamp":"2025-07-22T16:05:14.754Z"}
{"level":"info","message":"Traffic monitoring started","timestamp":"2025-07-22T16:05:21.011Z"}
{"level":"info","message":"Traffic monitoring started","timestamp":"2025-07-22T16:05:30.386Z"}
{"level":"info","message":"Traffic monitoring started","timestamp":"2025-07-22T16:05:35.396Z"}
{"level":"info","message":"Traffic monitoring started","timestamp":"2025-07-22T16:05:50.955Z"}
{"level":"info","message":"Traffic monitoring started","timestamp":"2025-07-22T16:06:06.940Z"}
{"level":"info","message":"Traffic monitoring started","timestamp":"2025-07-22T16:06:40.159Z"}
{"level":"info","message":"Traffic monitoring started","timestamp":"2025-07-22T16:08:31.315Z"}
{"level":"info","message":"Traffic monitoring started","timestamp":"2025-07-22T16:08:47.689Z"}
{"level":"info","message":"Traffic monitoring started","timestamp":"2025-07-22T16:09:00.624Z"}
{"level":"info","message":"Traffic monitoring started","timestamp":"2025-07-22T16:09:17.606Z"}
{"level":"info","message":"Traffic monitoring started","timestamp":"2025-07-22T16:10:13.797Z"}
{"level":"info","message":"Traffic monitoring started","timestamp":"2025-07-22T16:10:29.054Z"}
{"level":"info","message":"Traffic monitoring started","timestamp":"2025-07-22T16:13:32.439Z"}
{"level":"info","message":"Traffic monitoring started","timestamp":"2025-07-22T21:44:06.862Z"}
{"level":"info","message":"Traffic monitoring started","timestamp":"2025-07-22T21:45:35.167Z"}
{"level":"info","message":"Traffic monitoring started","timestamp":"2025-07-22T21:45:58.893Z"}
{"level":"info","message":"Traffic monitoring started","timestamp":"2025-07-22T21:47:13.719Z"}
{"level":"info","message":"Traffic monitoring started","timestamp":"2025-07-22T21:48:05.710Z"}
{"level":"info","message":"Traffic monitoring started","timestamp":"2025-07-22T21:49:48.823Z"}
{"level":"info","message":"Traffic monitoring started","timestamp":"2025-07-22T21:50:29.697Z"}
{"level":"info","message":"Traffic monitoring started","timestamp":"2025-07-22T21:52:35.543Z"}
{"level":"info","message":"Traffic monitoring started","timestamp":"2025-07-22T21:53:58.725Z"}
{"level":"info","message":"Traffic monitoring started","timestamp":"2025-07-22T21:58:10.456Z"}
{"level":"info","message":"Traffic monitoring started","timestamp":"2025-07-22T21:58:28.098Z"}
{"level":"info","message":"Traffic statistics reset","timestamp":"2025-07-22T21:58:28.140Z"}
{"level":"info","message":"Traffic statistics reset","timestamp":"2025-07-22T21:58:28.141Z"}
{"level":"info","message":"Traffic monitoring started","timestamp":"2025-07-22T22:00:22.873Z"}
{"level":"info","message":"Traffic monitoring started","timestamp":"2025-07-22T22:00:36.579Z"}
{"level":"info","message":"Traffic statistics reset","timestamp":"2025-07-22T22:00:36.618Z"}
{"level":"info","message":"Traffic statistics reset","timestamp":"2025-07-22T22:00:36.619Z"}
{"level":"info","message":"Traffic monitoring started","timestamp":"2025-07-22T22:04:23.043Z"}
{"level":"info","message":"Traffic monitoring started","timestamp":"2025-07-22T22:07:59.949Z"}
{"level":"info","message":"Traffic monitoring started","timestamp":"2025-07-22T22:09:23.103Z"}
{"level":"info","message":"Traffic monitoring started","timestamp":"2025-07-22T22:20:35.978Z"}
{"level":"info","message":"Traffic monitoring started","timestamp":"2025-07-22T22:22:19.617Z"}
{"level":"info","message":"Traffic monitoring started","timestamp":"2025-07-22T22:24:02.162Z"}
{"level":"info","message":"Traffic monitoring started","timestamp":"2025-07-22T22:24:59.842Z"}
{"level":"info","message":"Traffic monitoring started","timestamp":"2025-07-22T22:26:33.528Z"}
{"level":"info","message":"Traffic monitoring started","timestamp":"2025-07-22T22:27:49.187Z"}
{"level":"info","message":"Traffic monitoring started","timestamp":"2025-07-22T22:31:45.226Z"}
{"level":"info","message":"Traffic monitoring started","timestamp":"2025-07-22T22:34:52.853Z"}
{"level":"info","message":"Traffic monitoring started","timestamp":"2025-07-22T22:36:19.730Z"}
{"level":"info","message":"Traffic monitoring started","timestamp":"2025-07-22T22:37:43.914Z"}
{"level":"info","message":"Traffic statistics","methodDistribution":{"GET":30},"stats":{"averageResponseTime":1,"errorRate":0,"lastUpdated":1753224163924,"peakRequestsPerSecond":0,"peakResponseTime":3,"requestsPerMinute":4,"requestsPerSecond":0,"totalErrors":2,"totalRequests":30},"timestamp":"2025-07-22T22:42:43.925Z","topEndpoints":[["/api/stats",11],["/api/blocklist",11],["/",2],["/.well-known/appspecific/com.chrome.devtools.json",2],["/styles.css",2]],"topIPs":[["::1",30]]}
{"level":"info","message":"Traffic monitoring started","timestamp":"2025-07-22T22:46:10.595Z"}
{"level":"info","message":"Traffic monitoring started","timestamp":"2025-07-22T22:51:01.479Z"}
{"level":"info","message":"Traffic monitoring started","timestamp":"2025-07-23T17:40:53.219Z"}
{"level":"info","message":"Traffic statistics reset","timestamp":"2025-07-23T17:40:53.272Z"}
{"level":"info","message":"Traffic statistics reset","timestamp":"2025-07-23T17:40:53.273Z"}
{"level":"info","message":"Traffic monitoring started","timestamp":"2025-07-23T17:44:41.185Z"}
{"level":"info","message":"Traffic monitoring started","timestamp":"2025-07-23T17:51:10.553Z"}
{"level":"info","message":"Traffic monitoring started","timestamp":"2025-07-24T21:25:04.566Z"}
{"level":"info","message":"Traffic statistics reset","timestamp":"2025-07-24T21:25:04.605Z"}
{"level":"info","message":"Traffic statistics reset","timestamp":"2025-07-24T21:25:04.606Z"}
{"level":"info","message":"Traffic monitoring started","timestamp":"2025-07-24T22:03:31.204Z"}
{"level":"info","message":"Traffic statistics","methodDistribution":{"GET":3},"stats":{"averageResponseTime":3,"errorRate":0.6666666666666666,"lastUpdated":1753394911208,"peakRequestsPerSecond":0,"peakResponseTime":4,"requestsPerMinute":3,"requestsPerSecond":0,"totalErrors":2,"totalRequests":3},"timestamp":"2025-07-24T22:08:31.209Z","topEndpoints":[["/api/enterprise/metrics",1],["/favicon.ico",1],["/",1]],"topIPs":[["::1",3]]}
{"level":"info","message":"Traffic monitoring started","timestamp":"2025-07-24T22:08:56.552Z"}
{"level":"info","message":"Traffic monitoring started","timestamp":"2025-07-24T22:10:54.146Z"}
{"level":"info","message":"Traffic monitoring started","timestamp":"2025-07-24T22:15:46.225Z"}
{"level":"info","message":"Traffic monitoring started","timestamp":"2025-07-24T22:33:28.476Z"}
{"level":"info","message":"Traffic statistics","methodDistribution":{"GET":71},"stats":{"averageResponseTime":1,"errorRate":0,"lastUpdated":1753396708463,"peakRequestsPerSecond":0,"peakResponseTime":5,"requestsPerMinute":14,"requestsPerSecond":0,"totalErrors":0,"totalRequests":71},"timestamp":"2025-07-24T22:38:28.463Z","topEndpoints":[["/api/enterprise/metrics/prometheus",59],["/health",11],["/",1]],"topIPs":[["::ffff:172.20.0.5",59],["::1",10],["::ffff:172.20.0.1",2]]}
{"level":"info","message":"Traffic monitoring started","timestamp":"2025-07-24T22:41:21.421Z"}
{"level":"info","message":"Traffic statistics","methodDistribution":{"GET":70},"stats":{"averageResponseTime":1,"errorRate":0,"lastUpdated":1753397181409,"peakRequestsPerSecond":0,"peakResponseTime":5,"requestsPerMinute":14,"requestsPerSecond":0,"totalErrors":0,"totalRequests":70},"timestamp":"2025-07-24T22:46:21.410Z","topEndpoints":[["/api/enterprise/metrics/prometheus",59],["/health",11]],"topIPs":[["::ffff:172.20.0.5",59],["::1",10],["::ffff:172.20.0.1",1]]}
{"level":"info","message":"Traffic statistics","methodDistribution":{"GET":70},"stats":{"averageResponseTime":1,"errorRate":0,"lastUpdated":1753397481396,"peakRequestsPerSecond":0,"peakResponseTime":5,"requestsPerMinute":14,"requestsPerSecond":0,"totalErrors":0,"totalRequests":140},"timestamp":"2025-07-24T22:51:21.397Z","topEndpoints":[["/api/enterprise/metrics/prometheus",60],["/health",10]],"topIPs":[["::ffff:172.20.0.5",60],["::1",10]]}
{"level":"info","message":"Traffic statistics","methodDistribution":{"GET":70},"stats":{"averageResponseTime":1,"errorRate":0,"lastUpdated":1753397781384,"peakRequestsPerSecond":0,"peakResponseTime":5,"requestsPerMinute":14,"requestsPerSecond":0,"totalErrors":0,"totalRequests":210},"timestamp":"2025-07-24T22:56:21.385Z","topEndpoints":[["/api/enterprise/metrics/prometheus",60],["/health",10]],"topIPs":[["::ffff:172.20.0.5",60],["::1",10]]}
{"level":"info","message":"Traffic statistics","methodDistribution":{"GET":70},"stats":{"averageResponseTime":1,"errorRate":0,"lastUpdated":1753398081372,"peakRequestsPerSecond":0,"peakResponseTime":5,"requestsPerMinute":14,"requestsPerSecond":0,"totalErrors":0,"totalRequests":280},"timestamp":"2025-07-24T23:01:21.373Z","topEndpoints":[["/api/enterprise/metrics/prometheus",60],["/health",10]],"topIPs":[["::ffff:172.20.0.5",60],["::1",10]]}
{"level":"info","message":"Traffic statistics","methodDistribution":{"GET":70},"stats":{"averageResponseTime":1,"errorRate":0,"lastUpdated":1753398381360,"peakRequestsPerSecond":0,"peakResponseTime":5,"requestsPerMinute":14,"requestsPerSecond":0,"totalErrors":0,"totalRequests":350},"timestamp":"2025-07-24T23:06:21.360Z","topEndpoints":[["/api/enterprise/metrics/prometheus",60],["/health",10]],"topIPs":[["::ffff:172.20.0.5",60],["::1",10]]}
{"level":"info","message":"Traffic statistics","methodDistribution":{"GET":70},"stats":{"averageResponseTime":1,"errorRate":0,"lastUpdated":1753398681348,"peakRequestsPerSecond":0,"peakResponseTime":5,"requestsPerMinute":14,"requestsPerSecond":0,"totalErrors":0,"totalRequests":420},"timestamp":"2025-07-24T23:11:21.348Z","topEndpoints":[["/api/enterprise/metrics/prometheus",60],["/health",10]],"topIPs":[["::ffff:172.20.0.5",60],["::1",10]]}
{"level":"info","message":"Traffic statistics","methodDistribution":{"GET":74},"stats":{"averageResponseTime":2,"errorRate":0,"lastUpdated":1753398981336,"peakRequestsPerSecond":0,"peakResponseTime":12,"requestsPerMinute":15,"requestsPerSecond":0,"totalErrors":0,"totalRequests":494},"timestamp":"2025-07-24T23:16:21.336Z","topEndpoints":[["/api/enterprise/metrics/prometheus",60],["/health",10],["/",2],["/api/enterprise/metrics",1],["/api/stats",1]],"topIPs":[["::ffff:172.20.0.5",60],["::1",10],["::ffff:172.20.0.1",4]]}
{"level":"info","message":"Traffic monitoring started","timestamp":"2025-07-24T23:16:27.217Z"}
